<?xml version="1.0" encoding="UTF-8"?>
<!-- Generated by org.testng.reporters.JUnitReportReporter -->
<testsuite hostname="LAPTOP-QOO5UVKN" failures="0" tests="4" name="com.day7.Exercise2" time="0.010" errors="0" timestamp="2023-04-27T12:20:10 IST" skipped="0">
  <testcase classname="com.day7.Exercise2" name="Add" time="0.007"/>
  <system-out/>
  <testcase classname="com.day7.Exercise2" name="Sub" time="0.001"/>
  <system-out/>
  <testcase classname="com.day7.Exercise2" name="Mul" time="0.001"/>
  <system-out/>
  <testcase classname="com.day7.Exercise2" name="Div" time="0.001"/>
  <system-out/>
</testsuite> <!-- com.day7.Exercise2 -->
