<?xml version="1.0" encoding="UTF-8"?>
<!-- Generated by org.testng.reporters.JUnitReportReporter -->
<testsuite hostname="LAPTOP-QOO5UVKN" failures="0" tests="2" name="com.day7.Exercise4" time="27.139" errors="0" timestamp="2023-04-27T15:04:16 IST" skipped="0">
  <testcase classname="com.day7.Exercise4" name="Test2" time="8.263"/>
  <system-out/>
  <testcase classname="com.day7.Exercise4" name="Test1" time="18.876"/>
  <system-out/>
</testsuite> <!-- com.day7.Exercise4 -->
