<?xml version="1.0" encoding="UTF-8"?>
<!-- Generated by org.testng.reporters.JUnitReportReporter -->
<testsuite hostname="LAPTOP-QOO5UVKN" failures="0" tests="3" name="com.day7.Exercise5" time="19.902" errors="0" timestamp="2023-05-02T11:12:17 IST" skipped="0">
  <testcase classname="com.day7.Exercise5" name="Test3" time="7.565"/>
  <system-out/>
  <testcase classname="com.day7.Exercise5" name="Test1" time="5.724"/>
  <system-out/>
  <testcase classname="com.day7.Exercise5" name="Test2" time="6.613"/>
  <system-out/>
</testsuite> <!-- com.day7.Exercise5 -->
