<?xml version="1.0" encoding="UTF-8"?>
<!-- Generated by org.testng.reporters.JUnitReportReporter -->
<testsuite hostname="LAPTOP-QOO5UVKN" failures="0" tests="1" name="com.day7.Test1" time="23.511" errors="0" timestamp="2023-04-27T11:33:47 IST" skipped="0">
  <testcase classname="com.day7.Test1" name="f" time="23.511"/>
  <system-out/>
</testsuite> <!-- com.day7.Test1 -->
