<?xml version="1.0" encoding="UTF-8"?>
<!-- Generated by org.testng.reporters.JUnitReportReporter -->
<testsuite hostname="LAPTOP-QOO5UVKN" failures="0" tests="1" name="com.day9.Exercise4" time="121.880" errors="0" timestamp="2023-05-02T12:49:11 IST" skipped="0">
  <testcase classname="com.day9.Exercise4" name="f" time="121.880"/>
  <system-out/>
</testsuite> <!-- com.day9.Exercise4 -->
