<?xml version="1.0" encoding="UTF-8"?>
<!-- Generated by org.testng.reporters.JUnitReportReporter -->
<testsuite hostname="LAPTOP-QOO5UVKN" failures="0" tests="3" name="com.day9.Exercise2" time="218.370" errors="0" timestamp="2023-05-02T12:08:02 IST" skipped="0">
  <testcase classname="com.day9.Exercise2" name="Test1" time="51.856"/>
  <system-out/>
  <testcase classname="com.day9.Exercise2" name="Test3" time="88.817"/>
  <system-out/>
  <testcase classname="com.day9.Exercise2" name="Test2" time="77.697"/>
  <system-out/>
</testsuite> <!-- com.day9.Exercise2 -->
